e:\node\compilers-principles\dll\compilersprinciplesdll\compilersprinciplesdll\x64\release\compilersprinciplesdll.pch
e:\node\compilers-principles\dll\compilersprinciplesdll\compilersprinciplesdll\x64\release\vc140.pdb
e:\node\compilers-principles\dll\compilersprinciplesdll\compilersprinciplesdll\x64\release\stdafx.obj
e:\node\compilers-principles\dll\compilersprinciplesdll\compilersprinciplesdll\x64\release\compilersprinciplesdll.obj
e:\node\compilers-principles\dll\compilersprinciplesdll\compilersprinciplesdll\x64\release\dllmain.obj
e:\node\compilers-principles\compilersprinciplesdll\compilersprinciplesdll\x64\release\compilersprinciplesdll.pch
e:\node\compilers-principles\compilersprinciplesdll\compilersprinciplesdll\x64\release\vc140.pdb
e:\node\compilers-principles\compilersprinciplesdll\compilersprinciplesdll\x64\release\stdafx.obj
e:\node\compilers-principles\dll\compilersprinciplesdll\x64\release\compilersprinciplesdll.lib
e:\node\compilers-principles\dll\compilersprinciplesdll\x64\release\compilersprinciplesdll.exp
e:\node\compilers-principles\dll\compilersprinciplesdll\x64\release\compilersprinciplesdll.dll
e:\node\compilers-principles\dll\compilersprinciplesdll\x64\release\compilersprinciplesdll.ipdb
e:\node\compilers-principles\dll\compilersprinciplesdll\x64\release\compilersprinciplesdll.iobj
e:\node\compilers-principles\dll\compilersprinciplesdll\x64\release\compilersprinciplesdll.pdb
e:\node\compilers-principles\compilersprinciplesdll\compilersprinciplesdll\x64\release\dllmain.obj
e:\node\compilers-principles\compilersprinciplesdll\x64\release\compilersprinciplesdll.pdb
e:\node\compilers-principles\compilersprinciplesdll\x64\release\compilersprinciplesdll.dll
e:\node\compilers-principles\compilersprinciplesdll\compilersprinciplesdll\x64\release\compiler.f905690b.tlog\cl.command.1.tlog
e:\node\compilers-principles\compilersprinciplesdll\compilersprinciplesdll\x64\release\compiler.f905690b.tlog\cl.read.1.tlog
e:\node\compilers-principles\compilersprinciplesdll\compilersprinciplesdll\x64\release\compiler.f905690b.tlog\cl.write.1.tlog
e:\node\compilers-principles\compilersprinciplesdll\compilersprinciplesdll\x64\release\compiler.f905690b.tlog\compilersprinciplesdll.write.1u.tlog
e:\node\compilers-principles\compilersprinciplesdll\compilersprinciplesdll\x64\release\compiler.f905690b.tlog\link.command.1.tlog
e:\node\compilers-principles\compilersprinciplesdll\compilersprinciplesdll\x64\release\compiler.f905690b.tlog\link.read.1.tlog
e:\node\compilers-principles\compilersprinciplesdll\compilersprinciplesdll\x64\release\compiler.f905690b.tlog\link.write.1.tlog
